EXCEPTION IN (/home/danydvd/git/remote/CanLink/code/website/processing/SearchAPI.py, LINE 180 'viaf_result = requests.get(viaf).json()'): ('Connection aborted.', ConnectionResetError(104, 'Connection reset by peer')) name: Morin, Marie-Eve 
EXCEPTION IN (/home/danydvd/git/remote/CanLink/code/website/processing/SearchAPI.py, LINE 54 'viafP_result = requests.get(viafP).json()'): ('Connection aborted.', OSError("(104, 'ECONNRESET')",)) name: Morin, Marie-Eve 
EXCEPTION IN (/home/danydvd/git/remote/CanLink/code/website/processing/SearchAPI.py, LINE 117 'viafC_result = requests.get(viafC).json()'): ('Connection aborted.', OSError("(104, 'ECONNRESET')",)) name: Morin, Marie-Eve 
EXCEPTION IN (/home/danydvd/git/remote/CanLink/code/website/processing/SearchAPI.py, LINE 117 'viafC_result = requests.get(viafC).json()'): ('Connection aborted.', OSError("(104, 'ECONNRESET')",)) name: Hathaway, Warren E
EXCEPTION IN (/home/danydvd/git/remote/CanLink/code/website/processing/SearchAPI.py, LINE 180 'viaf_result = requests.get(viaf).json()'): ('Connection aborted.', ConnectionResetError(104, 'Connection reset by peer')) name: Parrila, Rauno 
EXCEPTION IN (/home/danydvd/git/remote/CanLink/code/website/processing/SearchAPI.py, LINE 54 'viafP_result = requests.get(viafP).json()'): ('Connection aborted.', OSError("(104, 'ECONNRESET')",)) name: Parrila, Rauno 
EXCEPTION IN (/home/danydvd/git/remote/CanLink/code/website/processing/SearchAPI.py, LINE 230 'dym_results = ETree.fromstring(dym_result.content)'): undefined entity: line 34, column 69 name: Warren, Sharon 
EXCEPTION IN (/home/danydvd/git/remote/CanLink/code/website/processing/SearchAPI.py, LINE 180 'viaf_result = requests.get(viaf).json()'): ('Connection aborted.', ConnectionResetError(104, 'Connection reset by peer')) name: Durante, Justin A
EXCEPTION IN (/home/danydvd/git/remote/CanLink/code/website/processing/SearchAPI.py, LINE 28 'return SearchAPI(name, query_type, log_file).search_api_VFP()'): 'dict' object has no attribute 'encode' name: {'Gamal El-Din, Mohamed ': {}}
EXCEPTION IN (/home/danydvd/git/remote/CanLink/code/website/processing/SearchAPI.py, LINE 13 'return SearchAPI(name, query_type, log_file).search_api_LC()'): 'dict' object has no attribute 'encode' name: {'Gamal El-Din, Mohamed ': {}}
EXCEPTION IN (/home/danydvd/git/remote/CanLink/code/website/processing/SearchAPI.py, LINE 18 'return SearchAPI(name, query_type, log_file).search_api_LCS()'): 'dict' object has no attribute 'encode' name: {'Gamal El-Din, Mohamed ': {}}
EXCEPTION IN (/home/danydvd/git/remote/CanLink/code/website/processing/SearchAPI.py, LINE 28 'return SearchAPI(name, query_type, log_file).search_api_VFP()'): 'dict' object has no attribute 'encode' name: {'Gamal El-Din, Mohamed ': {}, 'Liu, Yang ': {}}
EXCEPTION IN (/home/danydvd/git/remote/CanLink/code/website/processing/SearchAPI.py, LINE 13 'return SearchAPI(name, query_type, log_file).search_api_LC()'): 'dict' object has no attribute 'encode' name: {'Gamal El-Din, Mohamed ': {}, 'Liu, Yang ': {}}
EXCEPTION IN (/home/danydvd/git/remote/CanLink/code/website/processing/SearchAPI.py, LINE 18 'return SearchAPI(name, query_type, log_file).search_api_LCS()'): 'dict' object has no attribute 'encode' name: {'Gamal El-Din, Mohamed ': {}, 'Liu, Yang ': {}}
EXCEPTION IN (/home/danydvd/git/remote/CanLink/code/website/processing/SearchAPI.py, LINE 54 'viafP_result = requests.get(viafP).json()'): Expecting ',' delimiter or '}': line 10 column 56 (char 269) name: A "Sentil" Senthilselvan, Public Health Sciences
EXCEPTION IN (/home/danydvd/git/remote/CanLink/code/website/processing/SearchAPI.py, LINE 54 'viafP_result = requests.get(viafP).json()'): ('Connection aborted.', OSError("(104, 'ECONNRESET')",)) name: Davis, John
EXCEPTION IN (/home/danydvd/git/remote/CanLink/code/website/processing/SearchAPI.py, LINE 54 'viafP_result = requests.get(viafP).json()'): ('Connection aborted.', OSError("(104, 'ECONNRESET')",)) name: Pemberton, George
EXCEPTION IN (/home/danydvd/git/remote/CanLink/code/website/processing/SearchAPI.py, LINE 54 'viafP_result = requests.get(viafP).json()'): ('Connection aborted.', OSError("(104, 'ECONNRESET')",)) name: Zonneveld, John-Paul
EXCEPTION IN (/home/danydvd/git/remote/CanLink/code/website/processing/SearchAPI.py, LINE 54 'viafP_result = requests.get(viafP).json()'): ('Connection aborted.', OSError("(104, 'ECONNRESET')",)) name: Gingras, Murray
EXCEPTION IN (/home/danydvd/git/remote/CanLink/code/website/processing/SearchAPI.py, LINE 54 'viafP_result = requests.get(viafP).json()'): ('Connection aborted.', OSError("(104, 'ECONNRESET')",)) name: Gingras, Murray
EXCEPTION IN (/home/danydvd/git/remote/CanLink/code/website/processing/SearchAPI.py, LINE 54 'viafP_result = requests.get(viafP).json()'): ('Connection aborted.', OSError("(104, 'ECONNRESET')",)) name: Froese, Duane
EXCEPTION IN (/home/danydvd/git/remote/CanLink/code/website/processing/SearchAPI.py, LINE 54 'viafP_result = requests.get(viafP).json()'): ('Connection aborted.', OSError("(104, 'ECONNRESET')",)) name: Howe, Anita Yee Mei
EXCEPTION IN (/home/danydvd/git/remote/CanLink/code/website/processing/SearchAPI.py, LINE 54 'viafP_result = requests.get(viafP).json()'): ('Connection aborted.', OSError("(104, 'ECONNRESET')",)) name: Jeffrey, Scott
EXCEPTION IN (/home/danydvd/git/remote/CanLink/code/website/processing/SearchAPI.py, LINE 54 'viafP_result = requests.get(viafP).json()'): ('Connection aborted.', OSError("(104, 'ECONNRESET')",)) name: Dollevoet, Bradley
EXCEPTION IN (/home/danydvd/git/remote/CanLink/code/website/processing/SearchAPI.py, LINE 54 'viafP_result = requests.get(viafP).json()'): ('Connection aborted.', OSError("(104, 'ECONNRESET')",)) name: Bork, Edward
EXCEPTION IN (/home/danydvd/git/remote/CanLink/code/website/processing/SearchAPI.py, LINE 54 'viafP_result = requests.get(viafP).json()'): ('Connection aborted.', OSError("(104, 'ECONNRESET')",)) name: Unterschultz, Jim
EXCEPTION IN (/home/danydvd/git/remote/CanLink/code/website/processing/SearchAPI.py, LINE 54 'viafP_result = requests.get(viafP).json()'): ('Connection aborted.', OSError("(104, 'ECONNRESET')",)) name: Swanson, Leonard
EXCEPTION IN (/home/danydvd/git/remote/CanLink/code/website/processing/SearchAPI.py, LINE 54 'viafP_result = requests.get(viafP).json()'): ('Connection aborted.', OSError("(104, 'ECONNRESET')",)) name: Liew, Wendy
EXCEPTION IN (/home/danydvd/git/remote/CanLink/code/website/processing/SearchAPI.py, LINE 54 'viafP_result = requests.get(viafP).json()'): ('Connection aborted.', OSError("(104, 'ECONNRESET')",)) name: Daniels, Lia
EXCEPTION IN (/home/danydvd/git/remote/CanLink/code/website/processing/SearchAPI.py, LINE 54 'viafP_result = requests.get(viafP).json()'): ('Connection aborted.', OSError("(104, 'ECONNRESET')",)) name: Cormier, Damien
EXCEPTION IN (/home/danydvd/git/remote/CanLink/code/website/processing/SearchAPI.py, LINE 54 'viafP_result = requests.get(viafP).json()'): ('Connection aborted.', OSError("(104, 'ECONNRESET')",)) name: Hanson, William
EXCEPTION IN (/home/danydvd/git/remote/CanLink/code/website/processing/SearchAPI.py, LINE 54 'viafP_result = requests.get(viafP).json()'): ('Connection aborted.', OSError("(104, 'ECONNRESET')",)) name: Durante, Justin A
EXCEPTION IN (/home/danydvd/git/remote/CanLink/code/website/processing/SearchAPI.py, LINE 54 'viafP_result = requests.get(viafP).json()'): ('Connection aborted.', OSError("(104, 'ECONNRESET')",)) name: Daniels, Lia
EXCEPTION IN (/home/danydvd/git/remote/CanLink/code/website/processing/SearchAPI.py, LINE 54 'viafP_result = requests.get(viafP).json()'): ('Connection aborted.', OSError("(104, 'ECONNRESET')",)) name: Larsen, Denise J. (Department of Educational Psychology
EXCEPTION IN (/home/danydvd/git/remote/CanLink/code/website/processing/SearchAPI.py, LINE 54 'viafP_result = requests.get(viafP).json()'): ('Connection aborted.', OSError("(104, 'ECONNRESET')",)) name: Drummond, Jane
EXCEPTION IN (/home/danydvd/git/remote/CanLink/code/website/processing/SearchAPI.py, LINE 54 'viafP_result = requests.get(viafP).json()'): ('Connection aborted.', OSError("(104, 'ECONNRESET')",)) name: Richter, Magdalena, S.
EXCEPTION IN (/home/danydvd/git/remote/CanLink/code/website/processing/SearchAPI.py, LINE 54 'viafP_result = requests.get(viafP).json()'): ('Connection aborted.', OSError("(104, 'ECONNRESET')",)) name: Sword, Wendy
EXCEPTION IN (/home/danydvd/git/remote/CanLink/code/website/processing/SearchAPI.py, LINE 54 'viafP_result = requests.get(viafP).json()'): ('Connection aborted.', OSError("(104, 'ECONNRESET')",)) name: Porr, Caroline Jane
EXCEPTION IN (/home/danydvd/git/remote/CanLink/code/website/processing/SearchAPI.py, LINE 54 'viafP_result = requests.get(viafP).json()'): ('Connection aborted.', OSError("(104, 'ECONNRESET')",)) name: Olson, Karin
EXCEPTION IN (/home/danydvd/git/remote/CanLink/code/website/processing/SearchAPI.py, LINE 54 'viafP_result = requests.get(viafP).json()'): ('Connection aborted.', OSError("(104, 'ECONNRESET')",)) name: Williamson, Deanna
EXCEPTION IN (/home/danydvd/git/remote/CanLink/code/website/processing/SearchAPI.py, LINE 54 'viafP_result = requests.get(viafP).json()'): ('Connection aborted.', OSError("(104, 'ECONNRESET')",)) name: Drummond, Jane
EXCEPTION IN (/home/danydvd/git/remote/CanLink/code/website/processing/SearchAPI.py, LINE 54 'viafP_result = requests.get(viafP).json()'): ('Connection aborted.', OSError("(104, 'ECONNRESET')",)) name: Fortier, Guy
EXCEPTION IN (/home/danydvd/git/remote/CanLink/code/website/processing/SearchAPI.py, LINE 54 'viafP_result = requests.get(viafP).json()'): ('Connection aborted.', OSError("(104, 'ECONNRESET')",)) name: Gingras, Murray
EXCEPTION IN (/home/danydvd/git/remote/CanLink/code/website/processing/SearchAPI.py, LINE 54 'viafP_result = requests.get(viafP).json()'): ('Connection aborted.', OSError("(104, 'ECONNRESET')",)) name: Pemberton, S. George
EXCEPTION IN (/home/danydvd/git/remote/CanLink/code/website/processing/SearchAPI.py, LINE 54 'viafP_result = requests.get(viafP).json()'): ('Connection aborted.', OSError("(104, 'ECONNRESET')",)) name: McHugh, Luke P
EXCEPTION IN (/home/danydvd/git/remote/CanLink/code/website/processing/SearchAPI.py, LINE 54 'viafP_result = requests.get(viafP).json()'): ('Connection aborted.', OSError("(104, 'ECONNRESET')",)) name: Zonneveld, John-Paul
EXCEPTION IN (/home/danydvd/git/remote/CanLink/code/website/processing/SearchAPI.py, LINE 54 'viafP_result = requests.get(viafP).json()'): ('Connection aborted.', OSError("(104, 'ECONNRESET')",)) name: Zonneveld, John-Paul
EXCEPTION IN (/home/danydvd/git/remote/CanLink/code/website/processing/SearchAPI.py, LINE 54 'viafP_result = requests.get(viafP).json()'): ('Connection aborted.', OSError("(104, 'ECONNRESET')",)) name: Ivanitz, Michele J
EXCEPTION IN (/home/danydvd/git/remote/CanLink/code/website/processing/SearchAPI.py, LINE 54 'viafP_result = requests.get(viafP).json()'): ('Connection aborted.', OSError("(104, 'ECONNRESET')",)) name: Tuck, Clare E
EXCEPTION IN (/home/danydvd/git/remote/CanLink/code/website/processing/SearchAPI.py, LINE 54 'viafP_result = requests.get(viafP).json()'): ('Connection aborted.', OSError("(104, 'ECONNRESET')",)) name: Cadien, Kenneth
EXCEPTION IN (/home/danydvd/git/remote/CanLink/code/website/processing/SearchAPI.py, LINE 54 'viafP_result = requests.get(viafP).json()'): ('Connection aborted.', OSError("(104, 'ECONNRESET')",)) name: Muhammed, Harun
EXCEPTION IN (/home/danydvd/git/remote/CanLink/code/website/processing/SearchAPI.py, LINE 54 'viafP_result = requests.get(viafP).json()'): ('Connection aborted.', OSError("(104, 'ECONNRESET')",)) name: Barlage, Douglas
EXCEPTION IN (/home/danydvd/git/remote/CanLink/code/website/processing/SearchAPI.py, LINE 54 'viafP_result = requests.get(viafP).json()'): ('Connection aborted.', OSError("(104, 'ECONNRESET')",)) name: Mitlin, David
EXCEPTION IN (/home/danydvd/git/remote/CanLink/code/website/processing/SearchAPI.py, LINE 54 'viafP_result = requests.get(viafP).json()'): ('Connection aborted.', OSError("(104, 'ECONNRESET')",)) name: Sloan, David
EXCEPTION IN (/home/danydvd/git/remote/CanLink/code/website/processing/SearchAPI.py, LINE 54 'viafP_result = requests.get(viafP).json()'): ('Connection aborted.', OSError("(104, 'ECONNRESET')",)) name: Elliott, Duncan
EXCEPTION IN (/home/danydvd/git/remote/CanLink/code/website/processing/SearchAPI.py, LINE 54 'viafP_result = requests.get(viafP).json()'): ('Connection aborted.', OSError("(104, 'ECONNRESET')",)) name: Rennie, Richard Douglas
EXCEPTION IN (/home/danydvd/git/remote/CanLink/code/website/processing/SearchAPI.py, LINE 54 'viafP_result = requests.get(viafP).json()'): ('Connection aborted.', OSError("(104, 'ECONNRESET')",)) name: Walker, P. James
EXCEPTION IN (/home/danydvd/git/remote/CanLink/code/website/processing/SearchAPI.py, LINE 54 'viafP_result = requests.get(viafP).json()'): ('Connection aborted.', OSError("(104, 'ECONNRESET')",)) name: Zaiane, Osmar
EXCEPTION IN (/home/danydvd/git/remote/CanLink/code/website/processing/SearchAPI.py, LINE 54 'viafP_result = requests.get(viafP).json()'): ('Connection aborted.', OSError("(104, 'ECONNRESET')",)) name: Bulitko, Vadim
EXCEPTION IN (/home/danydvd/git/remote/CanLink/code/website/processing/SearchAPI.py, LINE 54 'viafP_result = requests.get(viafP).json()'): ('Connection aborted.', OSError("(104, 'ECONNRESET')",)) name: Zhang, Jing
EXCEPTION IN (/home/danydvd/git/remote/CanLink/code/website/processing/SearchAPI.py, LINE 54 'viafP_result = requests.get(viafP).json()'): ('Connection aborted.', OSError("(104, 'ECONNRESET')",)) name: Zaiane, Osmar
EXCEPTION IN (/home/danydvd/git/remote/CanLink/code/website/processing/SearchAPI.py, LINE 54 'viafP_result = requests.get(viafP).json()'): ('Connection aborted.', OSError("(104, 'ECONNRESET')",)) name: Gross, Douglas
EXCEPTION IN (/home/danydvd/git/remote/CanLink/code/website/processing/SearchAPI.py, LINE 54 'viafP_result = requests.get(viafP).json()'): ('Connection aborted.', OSError("(104, 'ECONNRESET')",)) name: Gross, Douglas
EXCEPTION IN (/home/danydvd/git/remote/CanLink/code/website/processing/SearchAPI.py, LINE 54 'viafP_result = requests.get(viafP).json()'): ('Connection aborted.', OSError("(104, 'ECONNRESET')",)) name: Beach, Jeremy
EXCEPTION IN (/home/danydvd/git/remote/CanLink/code/website/processing/SearchAPI.py, LINE 54 'viafP_result = requests.get(viafP).json()'): ('Connection aborted.', OSError("(104, 'ECONNRESET')",)) name: Jack, David Bruce
EXCEPTION IN (/home/danydvd/git/remote/CanLink/code/website/processing/SearchAPI.py, LINE 54 'viafP_result = requests.get(viafP).json()'): ('Connection aborted.', OSError("(104, 'ECONNRESET')",)) name: McCartney, Duane
EXCEPTION IN (/home/danydvd/git/remote/CanLink/code/website/processing/SearchAPI.py, LINE 54 'viafP_result = requests.get(viafP).json()'): ('Connection aborted.', OSError("(104, 'ECONNRESET')",)) name: Goonewardene, Laksiri
EXCEPTION IN (/home/danydvd/git/remote/CanLink/code/website/processing/SearchAPI.py, LINE 54 'viafP_result = requests.get(viafP).json()'): ('Connection aborted.', OSError("(104, 'ECONNRESET')",)) name: Lardner, Bart
EXCEPTION IN (/home/danydvd/git/remote/CanLink/code/website/processing/SearchAPI.py, LINE 54 'viafP_result = requests.get(viafP).json()'): ('Connection aborted.', OSError("(104, 'ECONNRESET')",)) name: Okine, Erasmus
EXCEPTION IN (/home/danydvd/git/remote/CanLink/code/website/processing/SearchAPI.py, LINE 54 'viafP_result = requests.get(viafP).json()'): ('Connection aborted.', OSError("(104, 'ECONNRESET')",)) name: Yaremcio, Barry
EXCEPTION IN (/home/danydvd/git/remote/CanLink/code/website/processing/SearchAPI.py, LINE 54 'viafP_result = requests.get(viafP).json()'): ('Connection aborted.', OSError("(104, 'ECONNRESET')",)) name: Oba, Masahito
EXCEPTION IN (/home/danydvd/git/remote/CanLink/code/website/processing/SearchAPI.py, LINE 54 'viafP_result = requests.get(viafP).json()'): ('Connection aborted.', OSError("(104, 'ECONNRESET')",)) name: Bailey, M. Roy
EXCEPTION IN (/home/danydvd/git/remote/CanLink/code/website/processing/SearchAPI.py, LINE 54 'viafP_result = requests.get(viafP).json()'): ('Connection aborted.', OSError("(104, 'ECONNRESET')",)) name: Nadeau, Raymond Joseph
EXCEPTION IN (/home/danydvd/git/remote/CanLink/code/website/processing/SearchAPI.py, LINE 54 'viafP_result = requests.get(viafP).json()'): ('Connection aborted.', OSError("(104, 'ECONNRESET')",)) name: Kim, Sun-yo
EXCEPTION IN (/home/danydvd/git/remote/CanLink/code/website/processing/SearchAPI.py, LINE 54 'viafP_result = requests.get(viafP).json()'): ('Connection aborted.', OSError("(104, 'ECONNRESET')",)) name: Rothe, Peter
EXCEPTION IN (/home/danydvd/git/remote/CanLink/code/website/processing/SearchAPI.py, LINE 54 'viafP_result = requests.get(viafP).json()'): ('Connection aborted.', OSError("(104, 'ECONNRESET')",)) name: Laing, Lory
EXCEPTION IN (/home/danydvd/git/remote/CanLink/code/website/processing/SearchAPI.py, LINE 54 'viafP_result = requests.get(viafP).json()'): ('Connection aborted.', OSError("(104, 'ECONNRESET')",)) name: Cote, Brent
EXCEPTION IN (/home/danydvd/git/remote/CanLink/code/website/processing/SearchAPI.py, LINE 230 'dym_results = ETree.fromstring(dym_result.content)'): undefined entity: line 34, column 69 name: Frimpong, Samuel
EXCEPTION IN (/home/danydvd/git/remote/CanLink/code/website/processing/SearchAPI.py, LINE 54 'viafP_result = requests.get(viafP).json()'): ('Connection aborted.', OSError("(104, 'ECONNRESET')",)) name: Myers, Paul
EXCEPTION IN (/home/danydvd/git/remote/CanLink/code/website/processing/SearchAPI.py, LINE 54 'viafP_result = requests.get(viafP).json()'): ('Connection aborted.', OSError("(104, 'ECONNRESET')",)) name: Jeffrey, Scott
EXCEPTION IN (/home/danydvd/git/remote/CanLink/code/website/processing/SearchAPI.py, LINE 54 'viafP_result = requests.get(viafP).json()'): ('Connection aborted.', OSError("(104, 'ECONNRESET')",)) name: Fulton, Murray
EXCEPTION IN (/home/danydvd/git/remote/CanLink/code/website/processing/SearchAPI.py, LINE 54 'viafP_result = requests.get(viafP).json()'): ('Connection aborted.', OSError("(104, 'ECONNRESET')",)) name: Hughes, Sarah
EXCEPTION IN (/home/danydvd/git/remote/CanLink/code/website/processing/SearchAPI.py, LINE 54 'viafP_result = requests.get(viafP).json()'): ('Connection aborted.', OSError("(104, 'ECONNRESET')",)) name: Baker, Rosanna Pearl
EXCEPTION IN (/home/danydvd/git/remote/CanLink/code/website/processing/SearchAPI.py, LINE 54 'viafP_result = requests.get(viafP).json()'): ('Connection aborted.', OSError("(104, 'ECONNRESET')",)) name: Lemire, Beverly
EXCEPTION IN (/home/danydvd/git/remote/CanLink/code/website/processing/SearchAPI.py, LINE 54 'viafP_result = requests.get(viafP).json()'): ('Connection aborted.', OSError("(104, 'ECONNRESET')",)) name: Snook, Edith
EXCEPTION IN (/home/danydvd/git/remote/CanLink/code/website/processing/SearchAPI.py, LINE 54 'viafP_result = requests.get(viafP).json()'): ('Connection aborted.', OSError("(104, 'ECONNRESET')",)) name: Gay, David
EXCEPTION IN (/home/danydvd/git/remote/CanLink/code/website/processing/SearchAPI.py, LINE 54 'viafP_result = requests.get(viafP).json()'): ('Connection aborted.', OSError("(104, 'ECONNRESET')",)) name: Adam, Michael
EXCEPTION IN (/home/danydvd/git/remote/CanLink/code/website/processing/SearchAPI.py, LINE 54 'viafP_result = requests.get(viafP).json()'): ('Connection aborted.', OSError("(104, 'ECONNRESET')",)) name: Murray, David
EXCEPTION IN (/home/danydvd/git/remote/CanLink/code/website/processing/SearchAPI.py, LINE 54 'viafP_result = requests.get(viafP).json()'): ('Connection aborted.', OSError("(104, 'ECONNRESET')",)) name: Koslowsky, Ingrid L
EXCEPTION IN (/home/danydvd/git/remote/CanLink/code/website/processing/SearchAPI.py, LINE 54 'viafP_result = requests.get(viafP).json()'): ('Connection aborted.', OSError("(104, 'ECONNRESET')",)) name: Mercer, John
EXCEPTION IN (/home/danydvd/git/remote/CanLink/code/website/processing/SearchAPI.py, LINE 54 'viafP_result = requests.get(viafP).json()'): ('Connection aborted.', OSError("(104, 'ECONNRESET')",)) name: McQuarrie, Steve
EXCEPTION IN (/home/danydvd/git/remote/CanLink/code/website/processing/SearchAPI.py, LINE 54 'viafP_result = requests.get(viafP).json()'): ('Connection aborted.', OSError("(104, 'ECONNRESET')",)) name: Blair, Heather
EXCEPTION IN (/home/danydvd/git/remote/CanLink/code/website/processing/SearchAPI.py, LINE 54 'viafP_result = requests.get(viafP).json()'): ('Connection aborted.', OSError("(104, 'ECONNRESET')",)) name: Glanfield, Florence
EXCEPTION IN (/home/danydvd/git/remote/CanLink/code/website/processing/SearchAPI.py, LINE 54 'viafP_result = requests.get(viafP).json()'): ('Connection aborted.', OSError("(104, 'ECONNRESET')",)) name: Li, Gong
EXCEPTION IN (/home/danydvd/git/remote/CanLink/code/website/processing/SearchAPI.py, LINE 54 'viafP_result = requests.get(viafP).json()'): ('Connection aborted.', OSError("(104, 'ECONNRESET')",)) name: Fairbairn, Shayna M
EXCEPTION IN (/home/danydvd/git/remote/CanLink/code/website/processing/SearchAPI.py, LINE 54 'viafP_result = requests.get(viafP).json()'): ('Connection aborted.', OSError("(104, 'ECONNRESET')",)) name: Jennings, Cally
EXCEPTION IN (/home/danydvd/git/remote/CanLink/code/website/processing/SearchAPI.py, LINE 54 'viafP_result = requests.get(viafP).json()'): ('Connection aborted.', OSError("(104, 'ECONNRESET')",)) name: Hu,Yue
EXCEPTION IN (/home/danydvd/git/remote/CanLink/code/website/processing/SearchAPI.py, LINE 54 'viafP_result = requests.get(viafP).json()'): Expecting value: line 1 column 1 (char 0) name: Salifu, Francis
EXCEPTION IN (/home/danydvd/git/remote/CanLink/code/website/processing/SearchAPI.py, LINE 54 'viafP_result = requests.get(viafP).json()'): ('Connection aborted.', OSError("(104, 'ECONNRESET')",)) name: Chang, Scott
EXCEPTION IN (/home/danydvd/git/remote/CanLink/code/website/processing/SearchAPI.py, LINE 54 'viafP_result = requests.get(viafP).json()'): ('Connection aborted.', OSError("(104, 'ECONNRESET')",)) name: Morrow, Thomas Michael
EXCEPTION IN (/home/danydvd/git/remote/CanLink/code/website/processing/SearchAPI.py, LINE 54 'viafP_result = requests.get(viafP).json()'): ('Connection aborted.', OSError("(104, 'ECONNRESET')",)) name: Caputo, Joseph V
EXCEPTION IN (/home/danydvd/git/remote/CanLink/code/website/processing/SearchAPI.py, LINE 54 'viafP_result = requests.get(viafP).json()'): ('Connection aborted.', OSError("(104, 'ECONNRESET')",)) name: Elias, Anastasia
EXCEPTION IN (/home/danydvd/git/remote/CanLink/code/website/processing/SearchAPI.py, LINE 54 'viafP_result = requests.get(viafP).json()'): ('Connection aborted.', OSError("(104, 'ECONNRESET')",)) name: Sauvageau, Dominic
EXCEPTION IN (/home/danydvd/git/remote/CanLink/code/website/processing/SearchAPI.py, LINE 54 'viafP_result = requests.get(viafP).json()'): ('Connection aborted.', OSError("(104, 'ECONNRESET')",)) name: Baxter, Christopher Wayne
EXCEPTION IN (/home/danydvd/git/remote/CanLink/code/website/processing/SearchAPI.py, LINE 54 'viafP_result = requests.get(viafP).json()'): ('Connection aborted.', OSError("(104, 'ECONNRESET')",)) name: Milovic, Carol Ann
EXCEPTION IN (/home/danydvd/git/remote/CanLink/code/website/processing/SearchAPI.py, LINE 54 'viafP_result = requests.get(viafP).json()'): ('Connection aborted.', OSError("(104, 'ECONNRESET')",)) name: Gow, Andrew
EXCEPTION IN (/home/danydvd/git/remote/CanLink/code/website/processing/SearchAPI.py, LINE 54 'viafP_result = requests.get(viafP).json()'): ('Connection aborted.', OSError("(104, 'ECONNRESET')",)) name: Caradonna, Jeremy
EXCEPTION IN (/home/danydvd/git/remote/CanLink/code/website/processing/SearchAPI.py, LINE 54 'viafP_result = requests.get(viafP).json()'): ('Connection aborted.', OSError("(104, 'ECONNRESET')",)) name: Van Deusen, Natalie
EXCEPTION IN (/home/danydvd/git/remote/CanLink/code/website/processing/SearchAPI.py, LINE 54 'viafP_result = requests.get(viafP).json()'): ('Connection aborted.', OSError("(104, 'ECONNRESET')",)) name: Lemire, Beverly
EXCEPTION IN (/home/danydvd/git/remote/CanLink/code/website/processing/SearchAPI.py, LINE 54 'viafP_result = requests.get(viafP).json()'): ('Connection aborted.', OSError("(104, 'ECONNRESET')",)) name: Sims, Ashley J
EXCEPTION IN (/home/danydvd/git/remote/CanLink/code/website/processing/SearchAPI.py, LINE 54 'viafP_result = requests.get(viafP).json()'): ('Connection aborted.', OSError("(104, 'ECONNRESET')",)) name: Flannigan, Mike
EXCEPTION IN (/home/danydvd/git/remote/CanLink/code/website/processing/SearchAPI.py, LINE 54 'viafP_result = requests.get(viafP).json()'): Expecting value: line 1 column 1 (char 0) name: Dyck, Miles
EXCEPTION IN (/home/danydvd/git/remote/CanLink/code/website/processing/SearchAPI.py, LINE 54 'viafP_result = requests.get(viafP).json()'): ('Connection aborted.', OSError("(104, 'ECONNRESET')",)) name: Olefeldt, David
EXCEPTION IN (/home/danydvd/git/remote/CanLink/code/website/processing/SearchAPI.py, LINE 54 'viafP_result = requests.get(viafP).json()'): ('Connection aborted.', OSError("(104, 'ECONNRESET')",)) name: Thompson, Dan
EXCEPTION IN (/home/danydvd/git/remote/CanLink/code/website/processing/SearchAPI.py, LINE 54 'viafP_result = requests.get(viafP).json()'): ('Connection aborted.', OSError("(104, 'ECONNRESET')",)) name: Gibson, C M
EXCEPTION IN (/home/danydvd/git/remote/CanLink/code/website/processing/SearchAPI.py, LINE 54 'viafP_result = requests.get(viafP).json()'): ('Connection aborted.', OSError("(104, 'ECONNRESET')",)) name: Hogan, James
EXCEPTION IN (/home/danydvd/git/remote/CanLink/code/website/processing/SearchAPI.py, LINE 54 'viafP_result = requests.get(viafP).json()'): ('Connection aborted.', OSError("(104, 'ECONNRESET')",)) name: Chanda, Sourayon
EXCEPTION IN (/home/danydvd/git/remote/CanLink/code/website/processing/SearchAPI.py, LINE 54 'viafP_result = requests.get(viafP).json()'): ('Connection aborted.', OSError("(104, 'ECONNRESET')",)) name: Chen, Weixing
EXCEPTION IN (/home/danydvd/git/remote/CanLink/code/website/processing/SearchAPI.py, LINE 54 'viafP_result = requests.get(viafP).json()'): ('Connection aborted.', OSError("(104, 'ECONNRESET')",)) name: Ru, Chongqing
EXCEPTION IN (/home/danydvd/git/remote/CanLink/code/website/processing/SearchAPI.py, LINE 54 'viafP_result = requests.get(viafP).json()'): ('Connection aborted.', OSError("(104, 'ECONNRESET')",)) name: Ru, Chongqing
EXCEPTION IN (/home/danydvd/git/remote/CanLink/code/website/processing/SearchAPI.py, LINE 54 'viafP_result = requests.get(viafP).json()'): ('Connection aborted.', OSError("(104, 'ECONNRESET')",)) name: Dr. Douglas Barlage
EXCEPTION IN (/home/danydvd/git/remote/CanLink/code/website/processing/SearchAPI.py, LINE 54 'viafP_result = requests.get(viafP).json()'): ('Connection aborted.', OSError("(104, 'ECONNRESET')",)) name: Dr. Mani Vaidyanathan
EXCEPTION IN (/home/danydvd/git/remote/CanLink/code/website/processing/SearchAPI.py, LINE 54 'viafP_result = requests.get(viafP).json()'): ('Connection aborted.', OSError("(104, 'ECONNRESET')",)) name: Dr. Douglas Barlage
EXCEPTION IN (/home/danydvd/git/remote/CanLink/code/website/processing/SearchAPI.py, LINE 54 'viafP_result = requests.get(viafP).json()'): ('Connection aborted.', OSError("(104, 'ECONNRESET')",)) name: Rezazadeh, Vallen G
EXCEPTION IN (/home/danydvd/git/remote/CanLink/code/website/processing/SearchAPI.py, LINE 54 'viafP_result = requests.get(viafP).json()'): ('Connection aborted.', OSError("(104, 'ECONNRESET')",)) name: Dr. Kenneth Cadien
EXCEPTION IN (/home/danydvd/git/remote/CanLink/code/website/processing/SearchAPI.py, LINE 54 'viafP_result = requests.get(viafP).json()'): ('Connection aborted.', OSError("(104, 'ECONNRESET')",)) name: Hartling, Lisa
EXCEPTION IN (/home/danydvd/git/remote/CanLink/code/website/processing/SearchAPI.py, LINE 54 'viafP_result = requests.get(viafP).json()'): ('Connection aborted.', OSError("(104, 'ECONNRESET')",)) name: Wild, Cam
EXCEPTION IN (/home/danydvd/git/remote/CanLink/code/website/processing/SearchAPI.py, LINE 54 'viafP_result = requests.get(viafP).json()'): ('Connection aborted.', OSError("(104, 'ECONNRESET')",)) name: Holt, Nick
EXCEPTION IN (/home/danydvd/git/remote/CanLink/code/website/processing/SearchAPI.py, LINE 54 'viafP_result = requests.get(viafP).json()'): ('Connection aborted.', OSError("(104, 'ECONNRESET')",)) name: Perez Garcia, Arnaldo J
EXCEPTION IN (/home/danydvd/git/remote/CanLink/code/website/processing/SearchAPI.py, LINE 54 'viafP_result = requests.get(viafP).json()'): ('Connection aborted.', OSError("(104, 'ECONNRESET')",)) name: Ball, Geoff
EXCEPTION IN (/home/danydvd/git/remote/CanLink/code/website/processing/SearchAPI.py, LINE 54 'viafP_result = requests.get(viafP).json()'): ('Connection aborted.', OSError("(104, 'ECONNRESET')",)) name: Padwall, Rajdeep
EXCEPTION IN (/home/danydvd/git/remote/CanLink/code/website/processing/SearchAPI.py, LINE 54 'viafP_result = requests.get(viafP).json()'): ('Connection aborted.', OSError("(104, 'ECONNRESET')",)) name: Mao, Hongwei
EXCEPTION IN (/home/danydvd/git/remote/CanLink/code/website/processing/SearchAPI.py, LINE 54 'viafP_result = requests.get(viafP).json()'): ('Connection aborted.', OSError("(104, 'ECONNRESET')",)) name: Oseen, Collette Alice
EXCEPTION IN (/home/danydvd/git/remote/CanLink/code/website/processing/SearchAPI.py, LINE 54 'viafP_result = requests.get(viafP).json()'): ('Connection aborted.', OSError("(104, 'ECONNRESET')",)) name: Zhang, Shulin
EXCEPTION IN (/home/danydvd/git/remote/CanLink/code/website/processing/SearchAPI.py, LINE 54 'viafP_result = requests.get(viafP).json()'): ('Connection aborted.', OSError("(104, 'ECONNRESET')",)) name: Claypool, Tim
EXCEPTION IN (/home/danydvd/git/remote/CanLink/code/website/processing/SearchAPI.py, LINE 54 'viafP_result = requests.get(viafP).json()'): ('Connection aborted.', OSError("(104, 'ECONNRESET')",)) name: Rinalidi, Christina
EXCEPTION IN (/home/danydvd/git/remote/CanLink/code/website/processing/SearchAPI.py, LINE 54 'viafP_result = requests.get(viafP).json()'): ('Connection aborted.', OSError("(104, 'ECONNRESET')",)) name: Hutchison, Marnie L
EXCEPTION IN (/home/danydvd/git/remote/CanLink/code/website/processing/SearchAPI.py, LINE 54 'viafP_result = requests.get(viafP).json()'): ('Connection aborted.', OSError("(104, 'ECONNRESET')",)) name: Daniels, Lia
EXCEPTION IN (/home/danydvd/git/remote/CanLink/code/website/processing/SearchAPI.py, LINE 54 'viafP_result = requests.get(viafP).json()'): Expecting ',' delimiter or '}': line 10 column 56 (char 269) name: A "Sentil" Senthilselvan, Public Health Sciences
EXCEPTION IN (/home/danydvd/git/remote/CanLink/code/website/processing/SearchAPI.py, LINE 54 'viafP_result = requests.get(viafP).json()'): ('Connection aborted.', OSError("(104, 'ECONNRESET')",)) name: Martin, Karen
EXCEPTION IN (/home/danydvd/git/remote/CanLink/code/website/processing/SearchAPI.py, LINE 54 'viafP_result = requests.get(viafP).json()'): ('Connection aborted.', OSError("(104, 'ECONNRESET')",)) name: Yee, Rachel A
EXCEPTION IN (/home/danydvd/git/remote/CanLink/code/website/processing/SearchAPI.py, LINE 54 'viafP_result = requests.get(viafP).json()'): ('Connection aborted.', OSError("(104, 'ECONNRESET')",)) name: Dr. Marcelo Epstein
EXCEPTION IN (/home/danydvd/git/remote/CanLink/code/website/processing/SearchAPI.py, LINE 54 'viafP_result = requests.get(viafP).json()'): ('Connection aborted.', OSError("(104, 'ECONNRESET')",)) name: Dr. Hao Zhang
EXCEPTION IN (/home/danydvd/git/remote/CanLink/code/website/processing/SearchAPI.py, LINE 54 'viafP_result = requests.get(viafP).json()'): ('Connection aborted.', OSError("(104, 'ECONNRESET')",)) name: Molisch, Andreas F.
EXCEPTION IN (/home/danydvd/git/remote/CanLink/code/website/processing/SearchAPI.py, LINE 54 'viafP_result = requests.get(viafP).json()'): ('Connection aborted.', OSError("(104, 'ECONNRESET')",)) name: Beaulieu, Norman C.
EXCEPTION IN (/home/danydvd/git/remote/CanLink/code/website/processing/SearchAPI.py, LINE 54 'viafP_result = requests.get(viafP).json()'): ('Connection aborted.', OSError("(104, 'ECONNRESET')",)) name: Nikjah, Reza
EXCEPTION IN (/home/danydvd/git/remote/CanLink/code/website/processing/SearchAPI.py, LINE 54 'viafP_result = requests.get(viafP).json()'): ('Connection aborted.', OSError("(104, 'ECONNRESET')",)) name: Diefenbach, Thomas John
EXCEPTION IN (/home/danydvd/git/remote/CanLink/code/website/processing/SearchAPI.py, LINE 54 'viafP_result = requests.get(viafP).json()'): ('Connection aborted.', OSError("(104, 'ECONNRESET')",)) name: Oralova, Gaisha
EXCEPTION IN (/home/danydvd/git/remote/CanLink/code/website/processing/SearchAPI.py, LINE 54 'viafP_result = requests.get(viafP).json()'): ('Connection aborted.', OSError("(104, 'ECONNRESET')",)) name: Floreancig, Paul
EXCEPTION IN (/home/danydvd/git/remote/CanLink/code/website/processing/SearchAPI.py, LINE 54 'viafP_result = requests.get(viafP).json()'): ('Connection aborted.', OSError("(104, 'ECONNRESET')",)) name: Gibbs-Davis, Julianne
EXCEPTION IN (/home/danydvd/git/remote/CanLink/code/website/processing/SearchAPI.py, LINE 54 'viafP_result = requests.get(viafP).json()'): ('Connection aborted.', OSError("(104, 'ECONNRESET')",)) name: El-Rich, Marwan
EXCEPTION IN (/home/danydvd/git/remote/CanLink/code/website/processing/SearchAPI.py, LINE 54 'viafP_result = requests.get(viafP).json()'): ('Connection aborted.', OSError("(104, 'ECONNRESET')",)) name: Cruz Noguez, Carlos
EXCEPTION IN (/home/danydvd/git/remote/CanLink/code/website/processing/SearchAPI.py, LINE 54 'viafP_result = requests.get(viafP).json()'): ('Connection aborted.', OSError("(104, 'ECONNRESET')",)) name: Stout, Curt J
EXCEPTION IN (/home/danydvd/git/remote/CanLink/code/website/processing/SearchAPI.py, LINE 54 'viafP_result = requests.get(viafP).json()'): ('Connection aborted.', OSError("(104, 'ECONNRESET')",)) name: Visscher, Pieter
EXCEPTION IN (/home/danydvd/git/remote/CanLink/code/website/processing/SearchAPI.py, LINE 54 'viafP_result = requests.get(viafP).json()'): ('Connection aborted.', OSError("(104, 'ECONNRESET')",)) name: Chacko, Tom
EXCEPTION IN (/home/danydvd/git/remote/CanLink/code/website/processing/SearchAPI.py, LINE 54 'viafP_result = requests.get(viafP).json()'): ('Connection aborted.', OSError("(104, 'ECONNRESET')",)) name: Heaman, Larry
EXCEPTION IN (/home/danydvd/git/remote/CanLink/code/website/processing/SearchAPI.py, LINE 54 'viafP_result = requests.get(viafP).json()'): ('Connection aborted.', OSError("(104, 'ECONNRESET')",)) name: Li, Leijun
EXCEPTION IN (/home/danydvd/git/remote/CanLink/code/website/processing/SearchAPI.py, LINE 54 'viafP_result = requests.get(viafP).json()'): ('Connection aborted.', OSError("(104, 'ECONNRESET')",)) name: Rajendran, Arvind
EXCEPTION IN (/home/danydvd/git/remote/CanLink/code/website/processing/SearchAPI.py, LINE 54 'viafP_result = requests.get(viafP).json()'): ('Connection aborted.', OSError("(104, 'ECONNRESET')",)) name: Mendez, Patricio
EXCEPTION IN (/home/danydvd/git/remote/CanLink/code/website/processing/SearchAPI.py, LINE 54 'viafP_result = requests.get(viafP).json()'): ('Connection aborted.', OSError("(104, 'ECONNRESET')",)) name: Gerlich, Adrian
EXCEPTION IN (/home/danydvd/git/remote/CanLink/code/website/processing/SearchAPI.py, LINE 54 'viafP_result = requests.get(viafP).json()'): ('Connection aborted.', OSError("(104, 'ECONNRESET')",)) name: Mendez, Patricio
EXCEPTION IN (/home/danydvd/git/remote/CanLink/code/website/processing/SearchAPI.py, LINE 54 'viafP_result = requests.get(viafP).json()'): ('Connection aborted.', OSError("(104, 'ECONNRESET')",)) name: Wiskel, Barry
EXCEPTION IN (/home/danydvd/git/remote/CanLink/code/website/processing/SearchAPI.py, LINE 54 'viafP_result = requests.get(viafP).json()'): ('Connection aborted.', OSError("(104, 'ECONNRESET')",)) name: Checkley, Kenneth Lloyd
EXCEPTION IN (/home/danydvd/git/remote/CanLink/code/website/processing/SearchAPI.py, LINE 54 'viafP_result = requests.get(viafP).json()'): ('Connection aborted.', OSError("(104, 'ECONNRESET')",)) name: Goddard, Ellen
EXCEPTION IN (/home/danydvd/git/remote/CanLink/code/website/processing/SearchAPI.py, LINE 54 'viafP_result = requests.get(viafP).json()'): ('Connection aborted.', OSError("(104, 'ECONNRESET')",)) name: Humphreys, Carolyn A
EXCEPTION IN (/home/danydvd/git/remote/CanLink/code/website/processing/SearchAPI.py, LINE 54 'viafP_result = requests.get(viafP).json()'): HTTPSConnectionPool(host='viaf.org', port=443): Max retries exceeded with url: /viaf/search?query=local.personalNames+all+%22Lesser%2C%20Iris%20Aline%22&sortKeys=holdingscount&recordSchema=BriefVIAF&httpAccept=application/json (Caused by NewConnectionError('<urllib3.connection.VerifiedHTTPSConnection object at 0x7f6c68d146d8>: Failed to establish a new connection: [Errno 110] Connection timed out',)) name: Lesser, Iris Aline
EXCEPTION IN (/home/danydvd/git/remote/CanLink/code/website/processing/SearchAPI.py, LINE 54 'viafP_result = requests.get(viafP).json()'): HTTPSConnectionPool(host='viaf.org', port=443): Max retries exceeded with url: /viaf/search?query=local.personalNames+all+%22Urquhart%2C%20Ian%22&sortKeys=holdingscount&recordSchema=BriefVIAF&httpAccept=application/json (Caused by NewConnectionError('<urllib3.connection.VerifiedHTTPSConnection object at 0x7f6c8ba3d198>: Failed to establish a new connection: [Errno 113] No route to host',)) name: Urquhart, Ian
EXCEPTION IN (/home/danydvd/git/remote/CanLink/code/website/processing/SearchAPI.py, LINE 54 'viafP_result = requests.get(viafP).json()'): ('Connection aborted.', OSError("(104, 'ECONNRESET')",)) name: Snook, Edith
EXCEPTION IN (/home/danydvd/git/remote/CanLink/code/website/processing/SearchAPI.py, LINE 54 'viafP_result = requests.get(viafP).json()'): ('Connection aborted.', OSError("(104, 'ECONNRESET')",)) name: Malhi, Sukhdev
EXCEPTION IN (/home/danydvd/git/remote/CanLink/code/website/processing/SearchAPI.py, LINE 54 'viafP_result = requests.get(viafP).json()'): ('Connection aborted.', OSError("(104, 'ECONNRESET')",)) name: Hao,Xiying
EXCEPTION IN (/home/danydvd/git/remote/CanLink/code/website/processing/SearchAPI.py, LINE 54 'viafP_result = requests.get(viafP).json()'): ('Connection aborted.', OSError("(104, 'ECONNRESET')",)) name: Stein, Lisa
EXCEPTION IN (/home/danydvd/git/remote/CanLink/code/website/processing/SearchAPI.py, LINE 54 'viafP_result = requests.get(viafP).json()'): ('Connection aborted.', OSError("(104, 'ECONNRESET')",)) name: David Nobes
EXCEPTION IN (/home/danydvd/git/remote/CanLink/code/website/processing/SearchAPI.py, LINE 54 'viafP_result = requests.get(viafP).json()'): ('Connection aborted.', OSError("(104, 'ECONNRESET')",)) name: Yeudall, Joan A
EXCEPTION IN (/home/danydvd/git/remote/CanLink/code/website/processing/SearchAPI.py, LINE 54 'viafP_result = requests.get(viafP).json()'): ('Connection aborted.', OSError("(104, 'ECONNRESET')",)) name: Mifflin, Katherine A
EXCEPTION IN (/home/danydvd/git/remote/CanLink/code/website/processing/SearchAPI.py, LINE 54 'viafP_result = requests.get(viafP).json()'): ('Connection aborted.', OSError("(104, 'ECONNRESET')",)) name: Johnson, Francesca
EXCEPTION IN (/home/danydvd/git/remote/CanLink/code/website/processing/SearchAPI.py, LINE 28 'return SearchAPI(name, work_title, query_type, log_file).search_api_VFP()'): name 'work_title' is not defined name: Kelly, Matthew Alexander
EXCEPTION IN (/home/danydvd/git/remote/CanLink/code/website/processing/SearchAPI.py, LINE 13 'return SearchAPI(name, work_title, query_type, log_file).search_api_LC()'): name 'work_title' is not defined name: Kelly, Matthew Alexander
EXCEPTION IN (/home/danydvd/git/remote/CanLink/code/website/processing/SearchAPI.py, LINE 18 'return SearchAPI(name, work_title, query_type, log_file).search_api_LCS()'): name 'work_title' is not defined name: Kelly, Matthew Alexander
EXCEPTION IN (/home/danydvd/git/remote/CanLink/code/website/processing/SearchAPI.py, LINE 28 'return SearchAPI(name, work_title, query_type, log_file).search_api_VFP()'): name 'work_title' is not defined name: Major, Maureen Mary
EXCEPTION IN (/home/danydvd/git/remote/CanLink/code/website/processing/SearchAPI.py, LINE 13 'return SearchAPI(name, work_title, query_type, log_file).search_api_LC()'): name 'work_title' is not defined name: Major, Maureen Mary
EXCEPTION IN (/home/danydvd/git/remote/CanLink/code/website/processing/SearchAPI.py, LINE 18 'return SearchAPI(name, work_title, query_type, log_file).search_api_LCS()'): name 'work_title' is not defined name: Major, Maureen Mary
EXCEPTION IN (/home/danydvd/git/remote/CanLink/code/website/processing/SearchAPI.py, LINE 62 'if records['record']['recordData']['titles'] != null:'): name 'null' is not defined name: Major, Maureen Mary
EXCEPTION IN (/home/danydvd/git/remote/CanLink/code/website/processing/SearchAPI.py, LINE 64 'titles.append(work['title'])'): string indices must be integers name: Major, Maureen Mary
EXCEPTION IN (/home/danydvd/git/remote/CanLink/code/website/processing/SearchAPI.py, LINE 64 'titles.append(work['title'])'): string indices must be integers name: Major, Maureen Mary
