2017/01/30 16:09:31 INFO  - jmeter.util.JMeterUtils: Setting Locale to en_CA 
2017/01/30 16:09:31 INFO  - jmeter.JMeter: Loading user properties from: /usr/share/apache-jmeter-3.0/bin/user.properties 
2017/01/30 16:09:31 INFO  - jmeter.JMeter: Loading system properties from: /usr/share/apache-jmeter-3.0/bin/system.properties 
2017/01/30 16:09:31 INFO  - jmeter.JMeter: Copyright (c) 1998-2016 The Apache Software Foundation 
2017/01/30 16:09:31 INFO  - jmeter.JMeter: Version 3.0 r1743807 
2017/01/30 16:09:31 INFO  - jmeter.JMeter: java.version=1.8.0_111 
2017/01/30 16:09:31 INFO  - jmeter.JMeter: java.vm.name=OpenJDK 64-Bit Server VM 
2017/01/30 16:09:31 INFO  - jmeter.JMeter: os.name=Linux 
2017/01/30 16:09:31 INFO  - jmeter.JMeter: os.arch=amd64 
2017/01/30 16:09:31 INFO  - jmeter.JMeter: os.version=4.4.0-53-generic 
2017/01/30 16:09:31 INFO  - jmeter.JMeter: file.encoding=UTF-8 
2017/01/30 16:09:31 INFO  - jmeter.JMeter: Max memory     =7456948224 
2017/01/30 16:09:31 INFO  - jmeter.JMeter: Available Processors =8 
2017/01/30 16:09:31 INFO  - jmeter.JMeter: Default Locale=English (Canada) 
2017/01/30 16:09:31 INFO  - jmeter.JMeter: JMeter  Locale=English (Canada) 
2017/01/30 16:09:31 INFO  - jmeter.JMeter: JMeterHome=/usr/share/apache-jmeter-3.0 
2017/01/30 16:09:31 INFO  - jmeter.JMeter: user.dir  =/home/mparedes/main-metadata.git 
2017/01/30 16:09:31 INFO  - jmeter.JMeter: PWD       =/home/mparedes/main-metadata.git 
2017/01/30 16:09:31 INFO  - jmeter.JMeter: IP: 127.0.1.1 Name: BIBMP0 FullName: BIBMP0 
2017/01/30 16:09:32 INFO  - jmeter.gui.action.LookAndFeelCommand: Using look and feel: javax.swing.plaf.metal.MetalLookAndFeel [Metal, CrossPlatform, System] 
2017/01/30 16:09:32 INFO  - jmeter.JMeter: Loaded icon properties from org/apache/jmeter/images/icon.properties 
2017/01/30 16:09:36 INFO  - jmeter.engine.util.CompoundVariable: Note: Function class names must contain the string: '.functions.' 
2017/01/30 16:09:36 INFO  - jmeter.engine.util.CompoundVariable: Note: Function class names must not contain the string: '.gui.' 
2017/01/30 16:09:39 INFO  - jmeter.util.BSFTestElement: Registering JMeter version of JavaScript engine as work-round for BSF-22 
2017/01/30 16:09:40 INFO  - jmeter.protocol.http.sampler.HTTPSamplerBase: Parser for text/html is org.apache.jmeter.protocol.http.parser.LagartoBasedHtmlParser 
2017/01/30 16:09:40 INFO  - jmeter.protocol.http.sampler.HTTPSamplerBase: Parser for application/xhtml+xml is org.apache.jmeter.protocol.http.parser.LagartoBasedHtmlParser 
2017/01/30 16:09:40 INFO  - jmeter.protocol.http.sampler.HTTPSamplerBase: Parser for application/xml is org.apache.jmeter.protocol.http.parser.LagartoBasedHtmlParser 
2017/01/30 16:09:40 INFO  - jmeter.protocol.http.sampler.HTTPSamplerBase: Parser for text/xml is org.apache.jmeter.protocol.http.parser.LagartoBasedHtmlParser 
2017/01/30 16:09:40 INFO  - jmeter.protocol.http.sampler.HTTPSamplerBase: Parser for text/vnd.wap.wml is org.apache.jmeter.protocol.http.parser.RegexpHTMLParser 
2017/01/30 16:09:40 INFO  - jmeter.protocol.http.sampler.HTTPSamplerBase: Parser for text/css is org.apache.jmeter.protocol.http.parser.CssParser 
2017/01/30 16:09:40 INFO  - jorphan.exec.KeyToolUtils: keytool found at 'keytool' 
2017/01/30 16:09:40 INFO  - jmeter.protocol.http.proxy.ProxyControl: HTTP(S) Test Script Recorder SSL Proxy will use keys that support embedded 3rd party resources in file /usr/share/apache-jmeter-3.0/bin/proxyserver.jks 
2017/01/30 16:09:41 INFO  - jmeter.gui.util.MenuFactory: Skipping org.apache.jmeter.protocol.mongodb.config.MongoSourceElement 
2017/01/30 16:09:41 INFO  - jmeter.gui.util.MenuFactory: Skipping org.apache.jmeter.protocol.mongodb.sampler.MongoScriptSampler 
2017/01/30 16:09:41 INFO  - jmeter.gui.util.MenuFactory: Skipping org.apache.jmeter.visualizers.DistributionGraphVisualizer 
2017/01/30 16:09:41 INFO  - jmeter.samplers.SampleResult: Note: Sample TimeStamps are START times 
2017/01/30 16:09:41 INFO  - jmeter.samplers.SampleResult: sampleresult.default.encoding is set to ISO-8859-1 
2017/01/30 16:09:41 INFO  - jmeter.samplers.SampleResult: sampleresult.useNanoTime=true 
2017/01/30 16:09:41 INFO  - jmeter.samplers.SampleResult: sampleresult.nanoThreadSleep=5000 
2017/01/30 16:09:41 INFO  - jmeter.gui.util.MenuFactory: Skipping org.apache.jmeter.visualizers.SplineVisualizer 
2017/01/30 16:10:07 INFO  - jmeter.services.FileServer: Default base='/home/mparedes/main-metadata.git' 
2017/01/30 16:10:07 INFO  - jmeter.gui.action.Load: Loading file: /home/mparedes/Documents/JDBCRequest-2.jmx 
2017/01/30 16:10:07 INFO  - jmeter.services.FileServer: Set new base='/home/mparedes/Documents' 
2017/01/30 16:10:08 INFO  - jmeter.save.SaveService: Testplan (JMX) version: 2.2. Testlog (JTL) version: 2.2 
2017/01/30 16:10:08 INFO  - jmeter.save.SaveService: Using SaveService properties file encoding UTF-8 
2017/01/30 16:10:08 INFO  - jmeter.save.SaveService: Using SaveService properties version 2.9 
2017/01/30 16:10:08 INFO  - jmeter.save.SaveService: All converter versions present and correct 
2017/01/30 16:10:08 INFO  - jmeter.save.SaveService: Loading file: /home/mparedes/Documents/JDBCRequest-2.jmx 
2017/01/30 16:10:08 INFO  - jmeter.services.FileServer: Set new base='/home/mparedes/Documents' 
